#
# A fatal error has been detected by the Java Runtime Environment:
#
#  EXCEPTION_ACCESS_VIOLATION (0xc0000005) at pc=0x00007ffe5c09862d, pid=10828, tid=7500
#
# JRE version: Java(TM) SE Runtime Environment (8.0_31-b13) (build 1.8.0_31-b13)
# Java VM: Java HotSpot(TM) 64-Bit Server VM (25.31-b07 mixed mode windows-amd64 compressed oops)
# Problematic frame:
# C  [lwjgl_opengl.dll+0x862d]
#
# Failed to write core dump. Minidumps are not enabled by default on client versions of Windows
#
# If you would like to submit a bug report, please visit:
#   http://bugreport.java.com/bugreport/crash.jsp
# The crash happened outside the Java Virtual Machine in native code.
# See problematic frame for where to report the bug.
#

---------------  T H R E A D  ---------------

Current thread (0x0000000002773000):  JavaThread "main" [_thread_in_native, id=7500, stack(0x00000000025d0000,0x00000000026d0000)]

siginfo: ExceptionCode=0xc0000005, reading address 0x0000000000000f18

Registers:
RAX=0x0000000071a2caa0, RBX=0x000000001be025b0, RCX=0x0000000000000001, RDX=0x000000001e6dcf9c
RSP=0x00000000026cee38, RBP=0x00000000026ceeb8, RSI=0x00000000000000c8, RDI=0x0000000002877540
R8 =0x0000000000000001, R9 =0x000000001e6dcf9c, R10=0x0000000000000000, R11=0x00000000714d2ba0
R12=0x0000000000000000, R13=0x000000001be025b0, R14=0x00000000026ceee8, R15=0x0000000002773000
RIP=0x00007ffe5c09862d, EFLAGS=0x0000000000010202

Top of Stack: (sp=0x00000000026cee38)
0x00000000026cee38:   0000000002885b74 0000000002877540
0x00000000026cee48:   00000000028858eb 0000000002773000
0x00000000026cee58:   000000001be025b0 00000000000000c8
0x00000000026cee68:   0000000002773000 00000000028858a2
0x00000000026cee78:   00000000026cee78 000000001be025b0
0x00000000026cee88:   00000000026ceee8 000000001be04d38
0x00000000026cee98:   0000000000000000 000000001be025b0
0x00000000026ceea8:   0000000000000000 00000000026ceed8
0x00000000026ceeb8:   00000000026cef30 0000000002877a2d
0x00000000026ceec8:   000000076b6782c0 000000000287f6b8
0x00000000026ceed8:   000000001e6dcf9c 000000076b6c4f98
0x00000000026ceee8:   0000000000000001 00000000026ceef0
0x00000000026ceef8:   000000001be02704 00000000026cef60
0x00000000026cef08:   000000001be04d38 0000000000000000
0x00000000026cef18:   000000001be02768 00000000026ceed8
0x00000000026cef28:   00000000026cef68 00000000026cefa8 

Instructions: (pc=0x00007ffe5c09862d)
0x00007ffe5c09860d:   49 ff a2 f0 09 00 00 cc cc cc cc cc cc cc cc cc
0x00007ffe5c09861d:   cc cc cc 48 8b 01 49 8b d1 41 8b c8 4c 8b 50 18
0x00007ffe5c09862d:   49 ff a2 18 0f 00 00 cc cc cc cc cc cc cc cc cc
0x00007ffe5c09863d:   cc cc cc 48 8b 01 48 8b 48 18 48 8b 81 c0 1b 00 


Register to memory mapping:

RAX=0x0000000071a2caa0 is an unknown value
RBX={method} {0x000000001be025b8} 'nglGenVertexArrays' '(IJ)V' in 'org/lwjgl/opengl/GL30'
RCX=0x0000000000000001 is an unknown value
RDX=0x000000001e6dcf9c is an unknown value
RSP=0x00000000026cee38 is pointing into the stack for thread: 0x0000000002773000
RBP=0x00000000026ceeb8 is pointing into the stack for thread: 0x0000000002773000
RSI=0x00000000000000c8 is an unknown value
RDI=0x0000000002877540 is at code_begin+832 in an Interpreter codelet
invoke return entry points  [0x0000000002877200, 0x0000000002877b00]  2304 bytes
R8 =0x0000000000000001 is an unknown value
R9 =0x000000001e6dcf9c is an unknown value
R10=0x0000000000000000 is an unknown value
R11=0x00000000714d2ba0 is an unknown value
R12=0x0000000000000000 is an unknown value
R13={method} {0x000000001be025b8} 'nglGenVertexArrays' '(IJ)V' in 'org/lwjgl/opengl/GL30'
R14=0x00000000026ceee8 is pointing into the stack for thread: 0x0000000002773000
R15=0x0000000002773000 is a thread


Stack: [0x00000000025d0000,0x00000000026d0000],  sp=0x00000000026cee38,  free space=1019k
Native frames: (J=compiled Java code, j=interpreted, Vv=VM code, C=native code)
C  [lwjgl_opengl.dll+0x862d]

Java frames: (J=compiled Java code, j=interpreted, Vv=VM code)
j  org.lwjgl.opengl.GL30.nglGenVertexArrays(IJ)V+0
j  org.lwjgl.opengl.GL30.glGenVertexArrays()I+20
j  Engine.Loader.createVAO()I+0
j  Engine.Loader.loadToVAO([F)LEngine/RawModel;+1
j  Engine.Main.initLogic()V+128
j  Engine.Main.init()V+279
j  Engine.Main.run()V+33
j  Engine.Main.main([Ljava/lang/String;)V+7
v  ~StubRoutines::call_stub

---------------  P R O C E S S  ---------------

Java Threads: ( => current thread )
  0x000000001e3bd800 JavaThread "Service Thread" daemon [_thread_blocked, id=10316, stack(0x000000001ed00000,0x000000001ee00000)]
  0x000000001e342000 JavaThread "C1 CompilerThread3" daemon [_thread_blocked, id=7764, stack(0x000000001ec00000,0x000000001ed00000)]
  0x000000001e332800 JavaThread "C2 CompilerThread2" daemon [_thread_blocked, id=9180, stack(0x000000001eb00000,0x000000001ec00000)]
  0x000000001e332000 JavaThread "C2 CompilerThread1" daemon [_thread_blocked, id=3816, stack(0x000000001ea00000,0x000000001eb00000)]
  0x000000001e330000 JavaThread "C2 CompilerThread0" daemon [_thread_blocked, id=108, stack(0x000000001e900000,0x000000001ea00000)]
  0x000000001e32f000 JavaThread "Attach Listener" daemon [_thread_blocked, id=11108, stack(0x000000001e800000,0x000000001e900000)]
  0x000000001e32e000 JavaThread "Signal Dispatcher" daemon [_thread_blocked, id=544, stack(0x000000001e700000,0x000000001e800000)]
  0x000000001c31c800 JavaThread "Finalizer" daemon [_thread_blocked, id=5700, stack(0x000000001e200000,0x000000001e300000)]
  0x0000000002866800 JavaThread "Reference Handler" daemon [_thread_blocked, id=3884, stack(0x000000001e100000,0x000000001e200000)]
=>0x0000000002773000 JavaThread "main" [_thread_in_native, id=7500, stack(0x00000000025d0000,0x00000000026d0000)]

Other Threads:
  0x000000001c318000 VMThread [stack: 0x000000001e000000,0x000000001e100000] [id=10808]
  0x000000001e3c2000 WatcherThread [stack: 0x000000001ee00000,0x000000001ef00000] [id=4088]

VM state:not at safepoint (normal execution)

VM Mutex/Monitor currently owned by a thread: None

Heap:
 PSYoungGen      total 76288K, used 9175K [0x000000076af00000, 0x0000000770400000, 0x00000007c0000000)
  eden space 65536K, 14% used [0x000000076af00000,0x000000076b7f5d98,0x000000076ef00000)
  from space 10752K, 0% used [0x000000076f980000,0x000000076f980000,0x0000000770400000)
  to   space 10752K, 0% used [0x000000076ef00000,0x000000076ef00000,0x000000076f980000)
 ParOldGen       total 175104K, used 0K [0x00000006c0c00000, 0x00000006cb700000, 0x000000076af00000)
  object space 175104K, 0% used [0x00000006c0c00000,0x00000006c0c00000,0x00000006cb700000)
 Metaspace       used 5552K, capacity 5644K, committed 5760K, reserved 1056768K
  class space    used 600K, capacity 636K, committed 640K, reserved 1048576K

Card table byte_map: [0x0000000011c30000,0x0000000012430000] byte_map_base: 0x000000000e62a000

Marking Bits: (ParMarkBitMap*) 0x0000000071a9d4f0
 Begin Bits: [0x0000000013190000, 0x0000000017160000)
 End Bits:   [0x0000000017160000, 0x000000001b130000)

Polling page: 0x0000000002540000

CodeCache: size=245760Kb used=2111Kb max_used=2114Kb free=243648Kb
 bounds [0x0000000002870000, 0x0000000002ae0000, 0x0000000011870000]
 total_blobs=1101 nmethods=418 adapters=597
 compilation: enabled

Compilation events (10 events):
Event: 0.715 Thread 0x000000001e342000  412       3       sun.misc.URLClassPath::access$000 (6 bytes)
Event: 0.715 Thread 0x000000001e342000 nmethod 412 0x0000000002a7c2d0 code [0x0000000002a7c440, 0x0000000002a7c5a8]
Event: 0.715 Thread 0x000000001e342000  413       3       java.util.Date::getCalendarSystem (15 bytes)
Event: 0.716 Thread 0x000000001e342000 nmethod 413 0x0000000002a7fc90 code [0x0000000002a7fe20, 0x0000000002a80348]
Event: 0.716 Thread 0x000000001e332000 nmethod 403 0x0000000002a804d0 code [0x0000000002a80620, 0x0000000002a81008]
Event: 0.716 Thread 0x000000001e342000  417       3       sun.util.calendar.BaseCalendar::isLeapYear (5 bytes)
Event: 0.716 Thread 0x000000001e342000 nmethod 417 0x0000000002a7f710 code [0x0000000002a7f880, 0x0000000002a7fb70]
Event: 0.716 Thread 0x000000001e342000  418       3       sun.util.calendar.CalendarUtils::isGregorianLeapYear (27 bytes)
Event: 0.716 Thread 0x000000001e342000 nmethod 418 0x0000000002a7f250 code [0x0000000002a7f3c0, 0x0000000002a7f630]
Event: 0.716 Thread 0x000000001e342000  415       3       sun.util.calendar.ZoneInfo::getOffsets (276 bytes)

GC Heap History (0 events):
No events

Deoptimization events (0 events):
No events

Internal exceptions (10 events):
Event: 0.713 Thread 0x0000000002773000 Exception <a 'java/security/PrivilegedActionException'> (0x000000076b6ab988) thrown at [C:\workspace\8-2-build-windows-amd64-cygwin\jdk8u31\2394\hotspot\src\share\vm\prims\jvm.cpp, line 1312]
Event: 0.714 Thread 0x0000000002773000 Exception <a 'sun/nio/fs/WindowsException'> (0x000000076b6b1cb0) thrown at [C:\workspace\8-2-build-windows-amd64-cygwin\jdk8u31\2394\hotspot\src\share\vm\prims\jni.cpp, line 716]
Event: 0.714 Thread 0x0000000002773000 Exception <a 'sun/nio/fs/WindowsException'> (0x000000076b6b2440) thrown at [C:\workspace\8-2-build-windows-amd64-cygwin\jdk8u31\2394\hotspot\src\share\vm\prims\jni.cpp, line 716]
Event: 0.715 Thread 0x0000000002773000 Exception <a 'sun/nio/fs/WindowsException'> (0x000000076b6b4ea8) thrown at [C:\workspace\8-2-build-windows-amd64-cygwin\jdk8u31\2394\hotspot\src\share\vm\prims\jni.cpp, line 716]
Event: 0.715 Thread 0x0000000002773000 Exception <a 'sun/nio/fs/WindowsException'> (0x000000076b6b5368) thrown at [C:\workspace\8-2-build-windows-amd64-cygwin\jdk8u31\2394\hotspot\src\share\vm\prims\jni.cpp, line 716]
Event: 0.715 Thread 0x0000000002773000 Exception <a 'sun/nio/fs/WindowsException'> (0x000000076b6b5c38) thrown at [C:\workspace\8-2-build-windows-amd64-cygwin\jdk8u31\2394\hotspot\src\share\vm\prims\jni.cpp, line 716]
Event: 0.715 Thread 0x0000000002773000 Exception <a 'sun/nio/fs/WindowsException'> (0x000000076b6b6070) thrown at [C:\workspace\8-2-build-windows-amd64-cygwin\jdk8u31\2394\hotspot\src\share\vm\prims\jni.cpp, line 716]
Event: 0.715 Thread 0x0000000002773000 Exception <a 'java/security/PrivilegedActionException'> (0x000000076b6b9d20) thrown at [C:\workspace\8-2-build-windows-amd64-cygwin\jdk8u31\2394\hotspot\src\share\vm\prims\jvm.cpp, line 1312]
Event: 0.716 Thread 0x0000000002773000 Exception <a 'java/security/PrivilegedActionException'> (0x000000076b6bd8c0) thrown at [C:\workspace\8-2-build-windows-amd64-cygwin\jdk8u31\2394\hotspot\src\share\vm\prims\jvm.cpp, line 1312]
Event: 0.716 Thread 0x0000000002773000 Exception <a 'java/security/PrivilegedActionException'> (0x000000076b6c2568) thrown at [C:\workspace\8-2-build-windows-amd64-cygwin\jdk8u31\2394\hotspot\src\share\vm\prims\jvm.cpp, line 1312]

Events (10 events):
Event: 0.714 loading class java/util/ArrayList$SubList
Event: 0.715 loading class java/util/ArrayList$SubList done
Event: 0.715 loading class java/util/ArrayList$SubList$1
Event: 0.715 loading class java/util/ArrayList$SubList$1 done
Event: 0.715 loading class org/lwjgl/opengl/GL$1
Event: 0.715 loading class org/lwjgl/opengl/GL$1 done
Event: 0.716 loading class org/lwjgl/opengl/GL$SharedLibraryGL
Event: 0.716 loading class org/lwjgl/opengl/GL$SharedLibraryGL done
Event: 0.716 loading class org/lwjgl/system/SharedLibrary$Delegate
Event: 0.716 loading class org/lwjgl/system/SharedLibrary$Delegate done


Dynamic libraries:
0x00007ff77ee30000 - 0x00007ff77ee64000 	D:\Program Files\Java\jdk1.8.0_31\bin\java.exe
0x00007ffe818f0000 - 0x00007ffe81ac1000 	C:\WINDOWS\SYSTEM32\ntdll.dll
0x00007ffe7f880000 - 0x00007ffe7f92b000 	C:\WINDOWS\System32\KERNEL32.DLL
0x00007ffe7e3d0000 - 0x00007ffe7e5ed000 	C:\WINDOWS\System32\KERNELBASE.dll
0x00007ffe7ee80000 - 0x00007ffe7ef22000 	C:\WINDOWS\System32\ADVAPI32.dll
0x00007ffe81710000 - 0x00007ffe817ae000 	C:\WINDOWS\System32\msvcrt.dll
0x00007ffe7f790000 - 0x00007ffe7f7e9000 	C:\WINDOWS\System32\sechost.dll
0x00007ffe7f450000 - 0x00007ffe7f571000 	C:\WINDOWS\System32\RPCRT4.dll
0x00007ffe81580000 - 0x00007ffe816e5000 	C:\WINDOWS\System32\USER32.dll
0x00007ffe7e2b0000 - 0x00007ffe7e2ce000 	C:\WINDOWS\System32\win32u.dll
0x00007ffe7ff20000 - 0x00007ffe7ff54000 	C:\WINDOWS\System32\GDI32.dll
0x00007ffe7dde0000 - 0x00007ffe7df62000 	C:\WINDOWS\System32\gdi32full.dll
0x00007ffe748b0000 - 0x00007ffe74b29000 	C:\WINDOWS\WinSxS\amd64_microsoft.windows.common-controls_6595b64144ccf1df_6.0.14393.447_none_42191651c6827bb3\COMCTL32.dll
0x00007ffe7f150000 - 0x00007ffe7f418000 	C:\WINDOWS\System32\combase.dll
0x00007ffe7e1b0000 - 0x00007ffe7e2a5000 	C:\WINDOWS\System32\ucrtbase.dll
0x00007ffe7df70000 - 0x00007ffe7dfda000 	C:\WINDOWS\System32\bcryptPrimitives.dll
0x00007ffe7f420000 - 0x00007ffe7f44e000 	C:\WINDOWS\System32\IMM32.DLL
0x00000000711e0000 - 0x00000000712b2000 	D:\Program Files\Java\jdk1.8.0_31\jre\bin\msvcr100.dll
0x00000000712c0000 - 0x0000000071b1a000 	D:\Program Files\Java\jdk1.8.0_31\jre\bin\server\jvm.dll
0x00007ffe816f0000 - 0x00007ffe816f8000 	C:\WINDOWS\System32\PSAPI.DLL
0x00007ffe726f0000 - 0x00007ffe726f9000 	C:\WINDOWS\SYSTEM32\WSOCK32.dll
0x00007ffe7bd30000 - 0x00007ffe7bd53000 	C:\WINDOWS\SYSTEM32\WINMM.dll
0x00007ffe81510000 - 0x00007ffe8157a000 	C:\WINDOWS\System32\WS2_32.dll
0x0000000002570000 - 0x000000000259b000 	C:\WINDOWS\SYSTEM32\WINMMBASE.dll
0x00007ffe7e2d0000 - 0x00007ffe7e312000 	C:\WINDOWS\System32\cfgmgr32.dll
0x0000000071190000 - 0x000000007119f000 	D:\Program Files\Java\jdk1.8.0_31\jre\bin\verify.dll
0x0000000071160000 - 0x0000000071188000 	D:\Program Files\Java\jdk1.8.0_31\jre\bin\java.dll
0x0000000071140000 - 0x0000000071156000 	D:\Program Files\Java\jdk1.8.0_31\jre\bin\zip.dll
0x00007ffe80000000 - 0x00007ffe81509000 	C:\WINDOWS\System32\SHELL32.dll
0x00007ffe7e5f0000 - 0x00007ffe7ecca000 	C:\WINDOWS\System32\windows.storage.dll
0x00007ffe7dd90000 - 0x00007ffe7dddc000 	C:\WINDOWS\System32\powrprof.dll
0x00007ffe7f580000 - 0x00007ffe7f5d2000 	C:\WINDOWS\System32\shlwapi.dll
0x00007ffe7dd50000 - 0x00007ffe7dd5f000 	C:\WINDOWS\System32\kernel.appcore.dll
0x00007ffe7edd0000 - 0x00007ffe7ee79000 	C:\WINDOWS\System32\shcore.dll
0x00007ffe7dd60000 - 0x00007ffe7dd74000 	C:\WINDOWS\System32\profapi.dll
0x0000000071120000 - 0x000000007113a000 	D:\Program Files\Java\jdk1.8.0_31\jre\bin\net.dll
0x00007ffe7d680000 - 0x00007ffe7d6dc000 	C:\WINDOWS\system32\mswsock.dll
0x0000000071100000 - 0x0000000071111000 	D:\Program Files\Java\jdk1.8.0_31\jre\bin\nio.dll
0x00007ffe73370000 - 0x00007ffe733c7000 	C:\Users\Stefan\AppData\Local\Temp\lwjglStefan\3.1.1-build-16\lwjgl.dll
0x00007ffe7d820000 - 0x00007ffe7d82b000 	C:\WINDOWS\SYSTEM32\CRYPTBASE.DLL
0x00007ffe5e230000 - 0x00007ffe5e26e000 	C:\Users\Stefan\AppData\Local\Temp\lwjglStefan\3.1.1-build-16\jemalloc.dll
0x00007ffe5da70000 - 0x00007ffe5daac000 	C:\Users\Stefan\AppData\Local\Temp\lwjglStefan\3.1.1-build-16\glfw.dll
0x00007ffe7c4e0000 - 0x00007ffe7c575000 	C:\WINDOWS\system32\uxtheme.dll
0x00007ffe63f10000 - 0x00007ffe63f50000 	C:\WINDOWS\SYSTEM32\dinput8.dll
0x00007ffe76b50000 - 0x00007ffe76b5e000 	C:\WINDOWS\SYSTEM32\xinput1_4.dll
0x00007ffe7c950000 - 0x00007ffe7c978000 	C:\WINDOWS\SYSTEM32\DEVOBJ.dll
0x00007ffe7ba40000 - 0x00007ffe7ba66000 	C:\WINDOWS\SYSTEM32\dwmapi.dll
0x00007ffe7cc40000 - 0x00007ffe7cc4c000 	C:\WINDOWS\SYSTEM32\HID.DLL
0x00007ffe7faf0000 - 0x00007ffe7ff19000 	C:\WINDOWS\System32\SETUPAPI.DLL
0x00007ffe7ed70000 - 0x00007ffe7edc5000 	C:\WINDOWS\System32\WINTRUST.dll
0x00007ffe7dd80000 - 0x00007ffe7dd90000 	C:\WINDOWS\System32\MSASN1.dll
0x00007ffe7dfe0000 - 0x00007ffe7e1a9000 	C:\WINDOWS\System32\CRYPT32.dll
0x00007ffe7f930000 - 0x00007ffe7fa8b000 	C:\WINDOWS\System32\MSCTF.dll
0x00007ffe7f090000 - 0x00007ffe7f14f000 	C:\WINDOWS\System32\OLEAUT32.dll
0x00007ffe7ecd0000 - 0x00007ffe7ed6c000 	C:\WINDOWS\System32\msvcp_win.dll
0x00007ffe564a0000 - 0x00007ffe565c3000 	C:\WINDOWS\SYSTEM32\opengl32.dll
0x00007ffe733d0000 - 0x00007ffe733fd000 	C:\WINDOWS\SYSTEM32\GLU32.dll
0x00007ffe745f0000 - 0x00007ffe746e7000 	C:\WINDOWS\SYSTEM32\DDRAW.dll
0x00007ffe76aa0000 - 0x00007ffe76aa8000 	C:\WINDOWS\SYSTEM32\DCIMAN32.dll
0x000000006ed60000 - 0x0000000070eb0000 	C:\WINDOWS\SYSTEM32\nvoglv64.DLL
0x00007ffe7b4c0000 - 0x00007ffe7b4d3000 	C:\WINDOWS\SYSTEM32\WTSAPI32.dll
0x00007ffe7a580000 - 0x00007ffe7a58a000 	C:\WINDOWS\SYSTEM32\VERSION.dll
0x00007ffe7d160000 - 0x00007ffe7d192000 	C:\WINDOWS\SYSTEM32\ntmarta.dll
0x00007ffe7cec0000 - 0x00007ffe7cf16000 	C:\WINDOWS\SYSTEM32\WINSTA.dll
0x00007ffe5c090000 - 0x00007ffe5c0ef000 	C:\Users\Stefan\AppData\Local\Temp\lwjglStefan\3.1.1-build-16\lwjgl_opengl.dll
0x00007ffe6ffe0000 - 0x00007ffe70172000 	C:\WINDOWS\SYSTEM32\dbghelp.dll

VM Arguments:
java_command: Engine.Main
java_class_path (initial): D:\Projects\3D-Java\target\classes;C:\Users\Stefan\.m2\repository\org\lwjgl\lwjgl\3.1.1\lwjgl-3.1.1.jar;C:\Users\Stefan\.m2\repository\org\lwjgl\lwjgl-assimp\3.1.1\lwjgl-assimp-3.1.1.jar;C:\Users\Stefan\.m2\repository\org\lwjgl\lwjgl-bgfx\3.1.1\lwjgl-bgfx-3.1.1.jar;C:\Users\Stefan\.m2\repository\org\lwjgl\lwjgl-egl\3.1.1\lwjgl-egl-3.1.1.jar;C:\Users\Stefan\.m2\repository\org\lwjgl\lwjgl-glfw\3.1.1\lwjgl-glfw-3.1.1.jar;C:\Users\Stefan\.m2\repository\org\lwjgl\lwjgl-jawt\3.1.1\lwjgl-jawt-3.1.1.jar;C:\Users\Stefan\.m2\repository\org\lwjgl\lwjgl-jemalloc\3.1.1\lwjgl-jemalloc-3.1.1.jar;C:\Users\Stefan\.m2\repository\org\lwjgl\lwjgl-lmdb\3.1.1\lwjgl-lmdb-3.1.1.jar;C:\Users\Stefan\.m2\repository\org\lwjgl\lwjgl-nanovg\3.1.1\lwjgl-nanovg-3.1.1.jar;C:\Users\Stefan\.m2\repository\org\lwjgl\lwjgl-nfd\3.1.1\lwjgl-nfd-3.1.1.jar;C:\Users\Stefan\.m2\repository\org\lwjgl\lwjgl-nuklear\3.1.1\lwjgl-nuklear-3.1.1.jar;C:\Users\Stefan\.m2\repository\org\lwjgl\lwjgl-openal\3.1.1\lwjgl-openal-3.1.1.jar;C:\Users\Stefan\.m2\repository\org\lwjgl\lwjgl-opencl\3.1.1\lwjgl-opencl-3.1.1.jar;C:\Users\Stefan\.m2\repository\org\lwjgl\lwjgl-opengl\3.1.1\lwjgl-opengl-3.1.1.jar;C:\Users\Stefan\.m2\repository\org\lwjgl\lwjgl-opengles\3.1.1\lwjgl-opengles-3.1.1.jar;C:\Users\Stefan\.m2\repository\org\lwjgl\lwjgl-ovr\3.1.1\lwjgl-ovr-3.1.1.jar;C:\Users\Stefan\.m2\repository\org\lwjgl\lwjgl-par\3.1.1\lwjgl-par-3.1.1.jar;C:\Users\Stefan\.m2\repository\org\lwjgl\lwjgl-sse\3.1.1\lwjgl-sse-3.1.1.jar;C:\Users\Stefan\.m2\repository\org\lwjgl\lwjgl-stb\3.1.1\lwjgl-stb-3.1.1.jar;C:\Users\Stefan\.m2\repository\org\lwjgl\lwjgl-tinyfd\3.1.1\lwjgl-tinyfd-3.1.1.jar;C:\Users\Stefan\.m2\repository\org\lwjgl\lwjgl-vulkan\3.1.1\lwjgl-vulkan-3.1.1.jar;C:\Users\Stefan\.m2\repository\org\lwjgl\lwjgl-xxhash\3.1.1\lwjgl-xxhash-3.1.1.jar;C:\Users\Stefan\.m2\repository\org\lwjgl\lwjgl\3.1.1\lwjgl-3.1.1-natives-windows.jar;C:\Users\Stefan\.m2\repository\org\lwjgl\lwjgl-assimp\3.1.1\lwjgl-assimp-3.1.1-na
Launcher Type: SUN_STANDARD

Environment Variables:
JAVA_HOME=D:\Program Files\Java\jdk1.8.0_31
JRE_HOME=D:\Program Files\Java\jre1.8.0_31
PATH=C:\Program Files\Microsoft MPI\Bin\;D:\Program Files\R\Rtools\bin;D:\Program Files\R\Rtools\mingw_32\bin;C:\ProgramData\Oracle\Java\javapath;C:\Program Files (x86)\Intel\iCLS Client\;C:\Program Files\Intel\iCLS Client\;C:\Windows\system32;C:\Windows;C:\Windows\System32\Wbem;C:\Windows\System32\WindowsPowerShell\v1.0\;C:\Program Files\Intel\Intel(R) Management Engine Components\DAL;C:\Program Files\Intel\Intel(R) Management Engine Components\IPT;C:\Program Files (x86)\Intel\Intel(R) Management Engine Components\DAL;C:\Program Files (x86)\Intel\Intel(R) Management Engine Components\IPT;C:\Program Files (x86)\NVIDIA Corporation\PhysX\Common;C:\WINDOWS\system32;C:\WINDOWS;C:\WINDOWS\System32\Wbem;C:\WINDOWS\System32\WindowsPowerShell\v1.0\;C:\ProgramData\ComposerSetup\bin;C:\Apache24\PHP;C:\Program Files\MySQL\MySQL Server 5.7\bin;D:\Program Files (x86)\NVIDIA Corporation\PhysX\Common;D:\Program Files\Git\cmd;D:\Program Files\nodejs\;D:\Program Files\MongoDB\Server\3.4\bin;C:\Program Files\dotnet\;D:\Program Files\Maven\apache-maven-3.3.9\bin;D:\Program Files\Java\jdk1.8.0_31\bin;D:\Program Files (x86)\MSBuild\14.0\Bin;D:\Program Files (x86)\Windows Kits\10\Windows Performance Toolkit\;C:\Users\Stefan\AppData\Local\Microsoft\WindowsApps;C:\Users\Stefan\AppData\Roaming\Composer\vendor\bin;C:\Users\Stefan\AppData\Roaming\npm;D:\Program Files (x86)\Microsoft VS Code\bin;D:\Program Files\Git\bin
USERNAME=Stefan
OS=Windows_NT
PROCESSOR_IDENTIFIER=Intel64 Family 6 Model 60 Stepping 3, GenuineIntel



---------------  S Y S T E M  ---------------

OS: Windows 8.1 , 64 bit Build 9600 

CPU:total 8 (4 cores per cpu, 2 threads per core) family 6 model 60 stepping 3, cmov, cx8, fxsr, mmx, sse, sse2, sse3, ssse3, sse4.1, sse4.2, popcnt, avx, avx2, aes, clmul, erms, lzcnt, ht, tsc, tscinvbit, bmi1, bmi2

Memory: 4k page, physical 16720420k(11342264k free), swap 19210788k(12093668k free)

vm_info: Java HotSpot(TM) 64-Bit Server VM (25.31-b07) for windows-amd64 JRE (1.8.0_31-b13), built on Dec 17 2014 21:00:28 by "java_re" with MS VC++ 10.0 (VS2010)

time: Tue Mar 14 16:18:51 2017
elapsed time: 0 seconds (0d 0h 0m 0s)

